ReferenceError: self is not defined
    at eval (webpack-internal:///(ssr)/./node_modules/webgi/dist/examples/runtime/bundle.m.js:994:820185)
    at eval (webpack-internal:///(ssr)/./node_modules/webgi/dist/examples/runtime/bundle.m.js:994:820296)
    at (ssr)/./node_modules/webgi/dist/examples/runtime/bundle.m.js (/<user>/three/.next/server/vendor-chunks/webgi.js:20:1)
    at __webpack_require__ (/<user>/three/.next/server/webpack-runtime.js:33:42)
    at eval (webpack-internal:///(ssr)/./app/webgi/components/ThreeViewer.tsx:9:63)
    at (ssr)/./app/webgi/components/ThreeViewer.tsx (/<user>/three/.next/server/app/webgi/page.js:130:1)
    at Object.__webpack_require__ [as require] (/<user>/three/.next/server/webpack-runtime.js:33:42)
    at require (/<user>/three/node_modules/next/dist/compiled/next-server/app-page.runtime.dev.js:452:15655)
    at requireModule (/<user>/three/node_modules/next/dist/compiled/next-server/app-page.runtime.dev.js:227:1012)
    at initializeModuleChunk (/<user>/three/node_modules/next/dist/compiled/next-server/app-page.runtime.dev.js:227:25750)
    at readChunk (/<user>/three/node_modules/next/dist/compiled/next-server/app-page.runtime.dev.js:227:22796)
    at getComponentNameFromType (/<user>/three/node_modules/next/dist/compiled/next-server/app-page.runtime.dev.js:179:40002)
    at retryNode (/<user>/three/node_modules/next/dist/compiled/next-server/app-page.runtime.dev.js:179:146023)
    at renderNodeDestructive (/<user>/three/node_modules/next/dist/compiled/next-server/app-page.runtime.dev.js:179:145646)
    at renderNode (/<user>/three/node_modules/next/dist/compiled/next-server/app-page.runtime.dev.js:179:155693)
    at renderElement (/<user>/three/node_modules/next/dist/compiled/next-server/app-page.runtime.dev.js:179:132486)
    at retryNode (/<user>/three/node_modules/next/dist/compiled/next-server/app-page.runtime.dev.js:179:146383)
    at renderNodeDestructive (/<user>/three/node_modules/next/dist/compiled/next-server/app-page.runtime.dev.js:179:145646)
    at renderNode (/<user>/three/node_modules/next/dist/compiled/next-server/app-page.runtime.dev.js:179:155693)
    at renderChildrenArray (/<user>/three/node_modules/next/dist/compiled/next-server/app-page.runtime.dev.js:179:152944)
    at retryNode (/<user>/three/node_modules/next/dist/compiled/next-server/app-page.runtime.dev.js:179:146849)
    at renderNodeDestructive (/<user>/three/node_modules/next/dist/compiled/next-server/app-page.runtime.dev.js:179:145646)
    at renderElement (/<user>/three/node_modules/next/dist/compiled/next-server/app-page.runtime.dev.js:179:133382)
    at retryNode (/<user>/three/node_modules/next/dist/compiled/next-server/app-page.runtime.dev.js:179:146383)
    at renderNodeDestructive (/<user>/three/node_modules/next/dist/compiled/next-server/app-page.runtime.dev.js:179:145646)
    at renderElement (/<user>/three/node_modules/next/dist/compiled/next-server/app-page.runtime.dev.js:179:139137)
    at retryNode (/<user>/three/node_modules/next/dist/compiled/next-server/app-page.runtime.dev.js:179:146383)
    at renderNodeDestructive (/<user>/three/node_modules/next/dist/compiled/next-server/app-page.runtime.dev.js:179:145646)
    at finishFunctionComponent (/<user>/three/node_modules/next/dist/compiled/next-server/app-page.runtime.dev.js:179:71703)
    at renderElement (/<user>/three/node_modules/next/dist/compiled/next-server/app-page.runtime.dev.js:179:86902)
    at retryNode (/<user>/three/node_modules/next/dist/compiled/next-server/app-page.runtime.dev.js:179:146383)
    at renderNodeDestructive (/<user>/three/node_modules/next/dist/compiled/next-server/app-page.runtime.dev.js:179:145646)
    at renderElement (/<user>/three/node_modules/next/dist/compiled/next-server/app-page.runtime.dev.js:179:84872)
    at retryNode (/<user>/three/node_modules/next/dist/compiled/next-server/app-page.runtime.dev.js:179:146383)
    at renderNodeDestructive (/<user>/three/node_modules/next/dist/compiled/next-server/app-page.runtime.dev.js:179:145646)
    at finishFunctionComponent (/<user>/three/node_modules/next/dist/compiled/next-server/app-page.runtime.dev.js:179:71703)
    at renderElement (/<user>/three/node_modules/next/dist/compiled/next-server/app-page.runtime.dev.js:179:86902)
    at retryNode (/<user>/three/node_modules/next/dist/compiled/next-server/app-page.runtime.dev.js:179:146383)
    at renderNodeDestructive (/<user>/three/node_modules/next/dist/compiled/next-server/app-page.runtime.dev.js:179:145646)
    at renderElement (/<user>/three/node_modules/next/dist/compiled/next-server/app-page.runtime.dev.js:179:133382)
    at retryNode (/<user>/three/node_modules/next/dist/compiled/next-server/app-page.runtime.dev.js:179:146383)
    at renderNodeDestructive (/<user>/three/node_modules/next/dist/compiled/next-server/app-page.runtime.dev.js:179:145646)
    at finishFunctionComponent (/<user>/three/node_modules/next/dist/compiled/next-server/app-page.runtime.dev.js:179:71703)
    at renderElement (/<user>/three/node_modules/next/dist/compiled/next-server/app-page.runtime.dev.js:179:86902)
    at retryNode (/<user>/three/node_modules/next/dist/compiled/next-server/app-page.runtime.dev.js:179:146383)
    at renderNodeDestructive (/<user>/three/node_modules/next/dist/compiled/next-server/app-page.runtime.dev.js:179:145646)
    at renderElement (/<user>/three/node_modules/next/dist/compiled/next-server/app-page.runtime.dev.js:179:133382)
    at retryNode (/<user>/three/node_modules/next/dist/compiled/next-server/app-page.runtime.dev.js:179:146383)
    at renderNodeDestructive (/<user>/three/node_modules/next/dist/compiled/next-server/app-page.runtime.dev.js:179:145646)
    at finishFunctionComponent (/<user>/three/node_modules/next/dist/compiled/next-server/app-page.runtime.dev.js:179:71703)
    at AppDevOverlay (webpack-internal:///(app-pages-browser)/./node_modules/next/dist/client/components/react-dev-overlay/app/app-dev-overlay.js:76:55)
    at HotReload (webpack-internal:///(app-pages-browser)/./node_modules/next/dist/client/components/react-dev-overlay/app/hot-reloader-client.js:542:50)
    at Router (webpack-internal:///(app-pages-browser)/./node_modules/next/dist/client/components/app-router.js:543:53)
    at AppRouter (webpack-internal:///(app-pages-browser)/./node_modules/next/dist/client/components/app-router.js:591:53)
    at ServerRoot (webpack-internal:///(app-pages-browser)/./node_modules/next/dist/client/app-index.js:160:54)